make all --print-data-base --no-builtin-variables --no-builtin-rules --question
# GNU Make 3.81
# Copyright (C) 2006  Free Software Foundation, Inc.
# This is free software; see the source for copying conditions.
# There is NO warranty; not even for MERCHANTABILITY or FITNESS FOR A
# PARTICULAR PURPOSE.

# This program built for i386-apple-darwin11.3.0
 
make: *** No rule to make target `all'.  Stop.


# Make data base, printed on Fri May 20 18:50:58 2022

# Variables

# automatic
 
<D = $(patsubst %/,%,$(dir $<))
# automatic
?F = $(notdir $?)
# makefile (from `Makefile', line 1)
SRC := .
# environment
VSCODE_LOG_NATIVE = false
# makefile (from `Makefile', line 9)
TARGET := x86_64
# automatic
?D = $(patsubst %/,%,$(dir $?))
# automatic
@D = $(patsubst %/,%,$(dir $@))
# automatic
@F = $(notdir $@)
# makefile
CURDIR := /Users/zhy/projects/os/ph1nix
# makefile
SHELL = /bin/sh
# environment
VSCODE_NLS_CONFIG = {"locale":"zh-cn","availableLanguages":{},"_languagePackSupport":true}
# environment
_ = /usr/bin/make
# makefile (from `Makefile', line 40)
CFLAGS := -m32 -fno-builtin -fno-pic -fno-pie -fno-stack-protector -nostdinc -nostdlib
# makefile (from `Makefile', line 1)
MAKEFILE_LIST :=  Makefile
# makefile (from `Makefile', line 43)
DEBUG := -g
# environment
VSCODE_VERBOSE_LOGGING = true
# makefile (from `Makefile', line 30)
AS := nasm
# environment
__CFBundleIdentifier = com.microsoft.VSCode
# environment
INFOPATH = /opt/homebrew/share/info:
# environment
P9K_SSH = 0
# environment
VSCODE_IPC_HOOK_EXTHOST = /var/folders/l0/wv6t72397tj1hq62kmjcr5jc0000gn/T/vscode-ipc-135a60bd-9b33-4180-aeda-68c0720dbd84.sock
# environment
VSCODE_CWD = /
# environment
PATH = /opt/homebrew/opt/libiconv/bin:/Users/zhy/.yarn/bin:/Users/zhy/.config/yarn/global/node_modules/.bin:/Users/zhy/miniforge3/condabin:/Users/zhy/scripts/jetbrains:/opt/homebrew/bin:/opt/homebrew/sbin:/usr/local/bin:/usr/bin:/bin:/usr/sbin:/sbin:/Applications/VMware Fusion Tech Preview.app/Contents/Public:/opt/X11/bin:/Library/Apple/usr/bin:/Applications/Wireshark.app/Contents/MacOS:/Users/zhy/.cargo/bin
# makefile (from `Makefile', line 31)
LD := ld
# environment
LSCOLORS = Gxfxcxdxbxegedabagacad
# environment
VSCODE_LOG_STACK = false
# environment
ELECTRON_RUN_AS_NODE = 1
# default
.FEATURES := target-specific order-only second-expansion else-if archives jobserver check-symlink
# makefile (from `Makefile', line 15)
MACOS := /opt/homebrew/x86_64-elf-
# environment
SSH_AUTH_SOCK = /private/tmp/com.apple.launchd.zf5JZXzBJM/Listeners
# automatic
%F = $(notdir $%)
# environment
DISPLAY = /private/tmp/com.apple.launchd.G7zD5BvP5m/org.xquartz:0
# environment
CONDA_EXE = /Users/zhy/miniforge3/bin/conda
# environment
VSCODE_PIPE_LOGGING = true
# environment
PWD = /Users/zhy/projects/os/ph1nix
# makefile (from `Makefile', line 42)
ENTRYPOINT := 0X10000
# environment
HOMEBREW_CELLAR = /opt/homebrew/Cellar
# environment
ORIGINAL_XDG_CURRENT_DESKTOP = undefined
# environment
MANPATH = /opt/homebrew/share/man::
# environment
VSCODE_AMD_ENTRYPOINT = vs/workbench/api/node/extensionHostProcess
# environment
HOME = /Users/zhy
# default
MAKEFILEPATH := /Applications/Xcode.app/Contents/Developer/Makefiles
# environment
VSCODE_CODE_CACHE_PATH = /Users/zhy/Library/Application Support/Code/CachedData/c3511e6c69bb39013c4a4b7b9566ec1ca73fc4d5
# environment
LOGNAME = zhy
# environment
APPLICATION_INSIGHTS_NO_DIAGNOSTIC_CHANNEL = 1
# environment
ZSH = /Users/zhy/.oh-my-zsh
# environment
VSCODE_HANDLES_UNCAUGHT_ERRORS = true
# automatic
^D = $(patsubst %/,%,$(dir $^))
 
# makefile (from `Makefile', line 2)
TEST = ./test
# environment
XPC_FLAGS = 0x0
# default
MAKE = $(MAKE_COMMAND)
# default
MAKECMDGOALS := all
# environment
SHLVL = 1
# makefile (from `Makefile', line 29)
CC := gcc
# default
MAKE_VERSION := 3.81
# environment
USER = zhy
# makefile
.DEFAULT_GOAL := build/kernel.bin
# makefile (from `Makefile', line 44)
INCLUDE := -I ./include/
# environment
LESS = -R
# automatic
%D = $(patsubst %/,%,$(dir $%))
# makefile (from `Makefile', line 4)
TEST_BUILD := ./test/build
# environment
CONDA_SHLVL = 0
# default
MAKE_COMMAND := /Applications/Xcode.app/Contents/Developer/usr/bin/make
# default
.VARIABLES := 
# environment
TMPDIR = /var/folders/l0/wv6t72397tj1hq62kmjcr5jc0000gn/T/
# automatic
*F = $(notdir $*)
# environment
VSCODE_IPC_HOOK = /Users/zhy/Library/Application Support/Code/1.67.2-main.sock
# makefile
MAKEFLAGS = Rrqp
# environment
MFLAGS = -Rrqp
# automatic
*D = $(patsubst %/,%,$(dir $*))
# environment
XPC_SERVICE_NAME = application.com.microsoft.VSCode.22260938.22260944
# environment
HOMEBREW_PREFIX = /opt/homebrew
# automatic
+D = $(patsubst %/,%,$(dir $+))
# makefile (from `Makefile', line 5)
BOCHS_CONFIG := ./test/bochs/config
# automatic
+F = $(notdir $+)
# makefile (from `Makefile', line 16)
LINUX := /usr/bin/x86_64-linux-gnu-
# environment
HOMEBREW_REPOSITORY = /opt/homebrew
# environment
__CF_USER_TEXT_ENCODING = 0x1F5:0x0:0x0
# environment
COMMAND_MODE = unix2003
# default
MAKEFILES := 
# makefile (from `Makefile', line 3)
BUILD := ./build
# automatic
<F = $(notdir $<)
# environment
PAGER = less
# environment
LC_ALL = C
# environment
CONDA_PYTHON_EXE = /Users/zhy/miniforge3/bin/python
# automatic
^F = $(notdir $^)
# default
SUFFIXES := 
# environment
_CE_M = 
# default
.INCLUDE_DIRS = /usr/local/include
# environment
MAKELEVEL := 0
# environment
LANG = C
# environment
VSCODE_PID = 37114
# environment
_CE_CONDA = 
# makefile (from `Makefile', line 12)
HOST := 
# variable set hash-table stats:
 
# Load=94/1024=9%, Rehash=0, Collisions=3/170=2%

# Pattern-specific Variable Values

# No pattern-specific variable values.

# Directories

# ./boot (device 16777233, inode 22175096): No files, no impossibilities so far.
# . (device 16777233, inode 22175020): 15 files, no impossibilities.

# 15 files, no impossibilities in 2 directories.

# Implicit Rules

build/boot/%.bin: ./boot/%.asm
#  commands to execute (from `Makefile', line 47):
	$(shell mkdir -p $(dir $@))
	$(AS) -f bin $< -o $@
	

build/%.o: ./%.asm
#  commands to execute (from `Makefile', line 51):
	$(shell mkdir -p $(dir $@))
	$(AS) -f elf32 -gdwarf $< -o $@
	

build/%.o: ./%.c
#  commands to execute (from `Makefile', line 55):
	$(shell mkdir -p $(dir $@))
	$(CC) $(CFLAGS) $(DEBUG) $(INCLUDE) -c $< -o $@
	

# 3 implicit rules, 0 (0.0%) terminal.

# Files

# Not a target:
build/kernel/io.o:
#  Implicit rule search has not been done.
#  Modification time never checked.
#  File has not been updated.

qemu: build/master.img
#  Phony target (prerequisite of .PHONY).
#  Implicit rule search has not been done.
#  File does not exist.
#  File has not been updated.
#  commands to execute (from `Makefile', line 126):
	qemu-system-i386 \
	-m 32M \
	-boot c \
	-hda $<
	

# Not a target:
build/kernel/start.o:
#  Implicit rule search has not been done.
#  Modification time never checked.
#  File has not been updated.

# Not a target:
all:
#  Command-line target.
#  Implicit rule search has been done.
#  File does not exist.
#  File has not been updated.
# variable set hash-table stats:
# Load=0/32=0%, Rehash=0, Collisions=0/0=0%

.PHONY: usb clean image bochs bochs_gdb qemu qemu_gdb vmdk
#  Implicit rule search has not been done.
#  Modification time never checked.
#  File has not been updated.

# Not a target:
build/lib/string.o:
#  Implicit rule search has not been done.
#  Modification time never checked.
#  File has not been updated.

# Not a target:
build/kernel/main.o:
#  Implicit rule search has not been done.
#  Modification time never checked.
#  File has not been updated.

# Not a target:
.SUFFIXES:
#  Implicit rule search has not been done.
#  Modification time never checked.
#  File has not been updated.

# Not a target:
Makefile:
#  Implicit rule search has been done.
#  Last modified 2022-05-20 18:49:42
#  File has been updated.
#  Successfully updated.
# variable set hash-table stats:
# Load=0/32=0%, Rehash=0, Collisions=0/0=0%

# Not a target:
build/boot/boot.bin:
#  Implicit rule search has not been done.
#  Modification time never checked.
#  File has not been updated.

bochs_gdb: build/master.img
#  Phony target (prerequisite of .PHONY).
#  Implicit rule search has not been done.
#  File does not exist.
#  File has not been updated.
#  commands to execute (from `Makefile', line 122):
	bochs-gdb -q -f $(BOCHS_CONFIG)/linux_x_guidebug/bochsrc_gdb
	

usb: build/master.img /dev/sda
#  Phony target (prerequisite of .PHONY).
#  Implicit rule search has not been done.
#  File does not exist.
#  File has not been updated.
#  commands to execute (from `Makefile', line 85):
	# sudo dd if=/dev/sda of=$(BUILD)/boot/tmp.bin bs=512 count=1000 conv=notrunc
	# cp $(BUILD)/boot/tmp.bin $(BUILD)/boot/usb.bin
	# sudo rm $(BUILD)/boot/tmp.bin
	# dd if=$(BUILD)/master.img of=$(BUILD)/boot/usb.bin bs=512 count=1000 conv=notrunc
	# sudo dd if=$(BUILD)/boot/usb.bin of=/dev/sda bs=512 count=1000 conv=notrunc
	# rm $(BUILD)/boot/usb.bin
	sudo dd if=/dev/sda of=$(BUILD)/boot/tmp.bin bs=512 conv=notrunc
	cp $(BUILD)/boot/tmp.bin $(BUILD)/boot/usb.bin
	sudo rm $(BUILD)/boot/tmp.bin
	dd if=$(BUILD)/master.img of=$(BUILD)/boot/usb.bin bs=512 conv=notrunc
	sudo dd if=$(BUILD)/boot/usb.bin of=/dev/sda bs=512 conv=notrunc
	rm $(BUILD)/boot/usb.bin
	

bochs: build/master.img
#  Phony target (prerequisite of .PHONY).
#  Implicit rule search has not been done.
#  File does not exist.
#  File has not been updated.
#  commands to execute (from `Makefile', line 116):
	bochs -q -f $(BOCHS_CONFIG)/linux_x_guidebug/bochsrc
	

# Not a target:
.DEFAULT:
#  Implicit rule search has not been done.
#  Modification time never checked.
#  File has not been updated.

# Not a target:
/dev/sda:
#  Implicit rule search has not been done.
#  Modification time never checked.
#  File has not been updated.

image: build/master.img
#  Phony target (prerequisite of .PHONY).
#  Implicit rule search has not been done.
#  File does not exist.
#  File has not been updated.
#  commands to execute (from `Makefile', line 106):
	cp $(BOCHS_CONFIG)/win32_guidebug/bochsrc $(SRC)
	
 

clean:
#  Phony target (prerequisite of .PHONY).
#  Implicit rule search has not been done.
#  File does not exist.
#  File has not been updated.
#  commands to execute (from `Makefile', line 100):
	rm -rf $(BUILD); \
	rm $(SRC)/bochsrc*; 
	

# Not a target:
build/boot/loader.bin:
#  Implicit rule search has not been done.
#  Modification time never checked.
#  File has not been updated.

build/kernel.bin: build/kernel/start.o build/kernel/main.o build/kernel/io.o build/lib/string.o
#  Implicit rule search has not been done.
#  Modification time never checked.
#  File has not been updated.
#  commands to execute (from `Makefile', line 64):
	$(shell mkdir -p $(dir $@))
	$(LD) -m elf_i386 -static $^ -o $@ -Ttext $(ENTRYPOINT)
	

build/master.vmdk: build/master.img
#  Implicit rule search has not been done.
#  Modification time never checked.
#  File has not been updated.
#  commands to execute (from `Makefile', line 141):
	qemu-img convert -pO vmdk $< $@
	

build/master.img: build/boot/boot.bin build/boot/loader.bin build/system.bin build/system.map
#  Implicit rule search has not been done.
#  Modification time never checked.
#  File has not been updated.
#  commands to execute (from `Makefile', line 78):
	yes | bximage -q -hd=16 -func=create -sectsize=512 -imgmode=flat $@
	dd if=$(BUILD)/boot/boot.bin of=$@ bs=512 count=1 conv=notrunc
	dd if=$(BUILD)/boot/loader.bin of=$@ bs=512 count=4 seek=2 conv=notrunc
	dd if=$(BUILD)/system.bin of=$@ bs=512 count=200 seek=10 conv=notrunc
	

build/system.bin: build/kernel.bin
#  Implicit rule search has not been done.
#  Modification time never checked.
#  File has not been updated.
#  commands to execute (from `Makefile', line 68):
	objcopy -O binary $< $@
	

vmdk: build/master.vmdk
#  Phony target (prerequisite of .PHONY).
#  Implicit rule search has not been done.
#  File does not exist.
#  File has not been updated.

build/system.map: build/kernel.bin
#  Implicit rule search has not been done.
#  Modification time never checked.
#  File has not been updated.
#  commands to execute (from `Makefile', line 71):
	nm $< | sort > $@
	

qemu_gdb: build/master.img
#  Phony target (prerequisite of .PHONY).
#  Implicit rule search has not been done.
#  File does not exist.
#  File has not been updated.
#  commands to execute (from `Makefile', line 133):
	qemu-system-i386 \
	-s -S \
	-m 32M \
	-boot c \
	-hda $<
	

# files hash-table stats:
# Load=25/1024=2%, Rehash=0, Collisions=0/71=0%
# VPATH Search Paths

# No `vpath' search paths.

# No general (`VPATH' variable) search path.

# # of strings in strcache: 1
# # of strcache buffers: 1
# strcache size: total = 4096 / max = 4096 / min = 4096 / avg = 4096
# strcache free: total = 4087 / max = 4087 / min = 4087 / avg = 4087

# Finished Make data base on Fri May 20 18:50:58 2022

 
